This is pdfTeX, Version 3.1415926-2.4-1.40.13 (TeX Live 2012) (format=latex 2012.6.30)  11 MAY 2014 14:59
entering extended mode
 restricted \write18 enabled.
 %&-line parsing enabled.
**\makeatletter\def\HCode{\futurelet\HCode\HChar}\def\HChar{\ifx"\HCode\def\HCo
de"##1"{\Link##1}\expandafter\HCode\else\expandafter\Link\fi}\def\Link#1.a.b.c.
{\g@addto@macro\@documentclasshook{\RequirePackage[#1,html]{tex4ht}}\let\HCode\
documentstyle\def\documentstyle{\let\documentstyle\HCode\expandafter\def\csname
 tex4ht\endcsname{#1,html}\def\HCode####1{\documentstyle[tex4ht,}\@ifnextchar[{
\HCode}{\documentstyle[tex4ht]}}}\makeatother\HCode html,1,sections+.a.b.c.\inp
ut  PmagPy
(./PmagPy.tex (/usr/local/texlive/2012/texmf-dist/tex/latex/base/book.cls
Document Class: book 2007/10/19 v1.4h Standard LaTeX document class
(/usr/local/texlive/2012/texmf-dist/tex/latex/base/bk11.clo
File: bk11.clo 2007/10/19 v1.4h Standard LaTeX file (size option)
)
\c@part=\count79
\c@chapter=\count80
\c@section=\count81
\c@subsection=\count82
\c@subsubsection=\count83
\c@paragraph=\count84
\c@subparagraph=\count85
\c@figure=\count86
\c@table=\count87
\abovecaptionskip=\skip41
\belowcaptionskip=\skip42
\bibindent=\dimen102
)
(/usr/local/texlive/2012/texmf-dist/tex/generic/tex4ht/tex4ht.sty
version 2008-10-27-17:23
Package: tex4ht 
--------------------------------------
--- Note --- for _ at preamble, use the command line option `early_'
--------------------------------------
--------------------------------------
--- Note --- for ^ at preamble, use the command line option `early^'
--------------------------------------
\tmp:toks=\toks14
)
(/usr/local/texlive/2012/texmf-dist/tex/generic/tex4ht/usepackage.4ht
version 2009-05-21-09:32
)
(/usr/local/texlive/2012/texmf-dist/tex/latex/graphics/graphicx.sty
Package: graphicx 1999/02/16 v1.0f Enhanced LaTeX Graphics (DPC,SPQR)

(/usr/local/texlive/2012/texmf-dist/tex/latex/graphics/keyval.sty
Package: keyval 1999/03/16 v1.13 key=value parser (DPC)
\KV@toks@=\toks15
)
(/usr/local/texlive/2012/texmf-dist/tex/latex/graphics/graphics.sty
Package: graphics 2009/02/05 v1.0o Standard LaTeX Graphics (DPC,SPQR)

(/usr/local/texlive/2012/texmf-dist/tex/latex/graphics/trig.sty
Package: trig 1999/03/16 v1.09 sin cos tan (DPC)
)
(/usr/local/texlive/2012/texmf-dist/tex/latex/latexconfig/graphics.cfg
File: graphics.cfg 2010/04/23 v1.9 graphics configuration of TeX Live
)
Package graphics Info: Driver file: dvips.def on input line 91.

(/usr/local/texlive/2012/texmf-dist/tex/latex/graphics/dvips.def
File: dvips.def 1999/02/16 v3.0i Driver-dependant file (DPC,SPQR)
))
\Gin@req@height=\dimen103
\Gin@req@width=\dimen104
)
(/usr/local/texlive/2012/texmf-dist/tex/latex/graphics/color.sty
Package: color 2005/11/14 v1.0j Standard LaTeX Color (DPC)

(/usr/local/texlive/2012/texmf-dist/tex/latex/latexconfig/color.cfg
File: color.cfg 2007/01/18 v1.5 color configuration of teTeX/TeXLive
)
Package color Info: Driver file: dvips.def on input line 130.

(/usr/local/texlive/2012/texmf-dist/tex/latex/graphics/dvipsnam.def
File: dvipsnam.def 1999/02/16 v3.0i Driver-dependant file (DPC,SPQR)
))
(/usr/local/texlive/2012/texmf-dist/tex/latex/natbib/natbib.sty
Package: natbib 2010/09/13 8.31b (PWD, AO)
\bibhang=\skip43
\bibsep=\skip44
LaTeX Info: Redefining \cite on input line 694.
\c@NAT@ctr=\count88
)
(/usr/local/texlive/2012/texmf-dist/tex/latex/tools/bm.sty
Package: bm 2004/02/26 v1.1c Bold Symbol Support (DPC/FMi)
\symboldoperators=\mathgroup4
\symboldletters=\mathgroup5
\symboldsymbols=\mathgroup6
LaTeX Font Info:    Redeclaring math alphabet \mathbf on input line 138.
LaTeX Info: Redefining \bm on input line 204.
)
(/usr/local/texlive/2012/texmf-dist/tex/latex/amsfonts/amssymb.sty
Package: amssymb 2009/06/22 v3.00

(/usr/local/texlive/2012/texmf-dist/tex/latex/amsfonts/amsfonts.sty
Package: amsfonts 2009/06/22 v3.00 Basic AMSFonts support
\@emptytoks=\toks16
\symAMSa=\mathgroup7
\symAMSb=\mathgroup8
LaTeX Font Info:    Overwriting math alphabet `\mathfrak' in version `bold'
(Font)                  U/euf/m/n --> U/euf/b/n on input line 96.
))
(/usr/local/texlive/2012/texmf-dist/tex/latex/hyperref/hyperref.sty
Package: hyperref 2012/05/13 v6.82q Hypertext links for LaTeX

(/usr/local/texlive/2012/texmf-dist/tex/generic/oberdiek/hobsub-hyperref.sty
Package: hobsub-hyperref 2012/05/28 v1.13 Bundle oberdiek, subset hyperref (HO)


(/usr/local/texlive/2012/texmf-dist/tex/generic/oberdiek/hobsub-generic.sty
Package: hobsub-generic 2012/05/28 v1.13 Bundle oberdiek, subset generic (HO)
Package: hobsub 2012/05/28 v1.13 Construct package bundles (HO)
Package: infwarerr 2010/04/08 v1.3 Providing info/warning/error messages (HO)
Package: ltxcmds 2011/11/09 v1.22 LaTeX kernel commands for general use (HO)
Package: ifluatex 2010/03/01 v1.3 Provides the ifluatex switch (HO)
Package ifluatex Info: LuaTeX not detected.
Package: ifvtex 2010/03/01 v1.5 Detect VTeX and its facilities (HO)
Package ifvtex Info: VTeX not detected.
Package: intcalc 2007/09/27 v1.1 Expandable calculations with integers (HO)
Package: ifpdf 2011/01/30 v2.3 Provides the ifpdf switch (HO)
Package ifpdf Info: pdfTeX in PDF mode is not detected.
Package: etexcmds 2011/02/16 v1.5 Avoid name clashes with e-TeX commands (HO)
Package etexcmds Info: Could not find \expanded.
(etexcmds)             That can mean that you are not using pdfTeX 1.50 or
(etexcmds)             that some package has redefined \expanded.
(etexcmds)             In the latter case, load this package earlier.
Package: kvsetkeys 2012/04/25 v1.16 Key value parser (HO)
Package: kvdefinekeys 2011/04/07 v1.3 Define keys (HO)
Package: pdftexcmds 2011/11/29 v0.20 Utility functions of pdfTeX for LuaTeX (HO
)
Package pdftexcmds Info: LuaTeX not detected.
Package pdftexcmds Info: \pdf@primitive is available.
Package pdftexcmds Info: \pdf@ifprimitive is available.
Package pdftexcmds Info: \pdfdraftmode is ignored in DVI mode.
Package: pdfescape 2011/11/25 v1.13 Implements pdfTeX's escape features (HO)
Package: bigintcalc 2012/04/08 v1.3 Expandable calculations on big integers (HO
)
Package: bitset 2011/01/30 v1.1 Handle bit-vector datatype (HO)
Package: uniquecounter 2011/01/30 v1.2 Provide unlimited unique counter (HO)
)
Package hobsub Info: Skipping package `hobsub' (already loaded).
Package: letltxmacro 2010/09/02 v1.4 Let assignment for LaTeX macros (HO)
Package: hopatch 2012/05/28 v1.2 Wrapper for package hooks (HO)
Package: xcolor-patch 2011/01/30 xcolor patch
Package: atveryend 2011/06/30 v1.8 Hooks at the very end of document (HO)
Package atveryend Info: \enddocument detected (standard20110627).
Package: atbegshi 2011/10/05 v1.16 At begin shipout hook (HO)
Package: refcount 2011/10/16 v3.4 Data extraction from label references (HO)
Package: hycolor 2011/01/30 v1.7 Color options for hyperref/bookmark (HO)
)
(/usr/local/texlive/2012/texmf-dist/tex/generic/ifxetex/ifxetex.sty
Package: ifxetex 2010/09/12 v0.6 Provides ifxetex conditional
)
(/usr/local/texlive/2012/texmf-dist/tex/latex/oberdiek/kvoptions.sty
Package: kvoptions 2011/06/30 v3.11 Key value format for package options (HO)
)
\@linkdim=\dimen105
\Hy@linkcounter=\count89
\Hy@pagecounter=\count90

(/usr/local/texlive/2012/texmf-dist/tex/latex/hyperref/pd1enc.def
File: pd1enc.def 2012/05/13 v6.82q Hyperref: PDFDocEncoding definition (HO)
)
\Hy@SavedSpaceFactor=\count91

(/usr/local/texlive/2012/texmf-dist/tex/latex/latexconfig/hyperref.cfg
File: hyperref.cfg 2002/06/06 v1.2 hyperref configuration of TeXLive
)
Package hyperref Info: Option `colorlinks' set `true' on input line 3941.
Package hyperref Info: Hyper figures OFF on input line 4062.
Package hyperref Info: Link nesting OFF on input line 4067.
Package hyperref Info: Hyper index ON on input line 4070.
Package hyperref Info: Plain pages OFF on input line 4077.
Package hyperref Info: Backreferencing OFF on input line 4082.
Package hyperref Info: Implicit mode ON; LaTeX internals redefined.
Package hyperref Info: Bookmarks ON on input line 4300.
\c@Hy@tempcnt=\count92

(/usr/local/texlive/2012/texmf-dist/tex/latex/url/url.sty
\Urlmuskip=\muskip10
Package: url 2006/04/12  ver 3.3  Verb mode for urls, etc.
)
LaTeX Info: Redefining \url on input line 4653.
\Fld@menulength=\count93
\Field@Width=\dimen106
\Fld@charsize=\dimen107
\Field@toks=\toks17
Package hyperref Info: Hyper figures OFF on input line 5773.
Package hyperref Info: Link nesting OFF on input line 5778.
Package hyperref Info: Hyper index ON on input line 5781.
Package hyperref Info: backreferencing OFF on input line 5788.
Package hyperref Info: Link coloring ON on input line 5791.
Package hyperref Info: Link coloring with OCG OFF on input line 5798.
Package hyperref Info: PDF/A mode OFF on input line 5803.
LaTeX Info: Redefining \ref on input line 5843.
LaTeX Info: Redefining \pageref on input line 5847.
\Hy@abspage=\count94


Package hyperref Message: Stopped early.

)

Package hyperref Message: Driver: htex4ht.

(/usr/local/texlive/2012/texmf-dist/tex/latex/hyperref/htex4ht.def
File: htex4ht.def 2012/05/13 v6.82q Hyperref driver for TeX4ht
Package hyperref Info: tex4ht is already loaded.
)
(/usr/local/texlive/2012/texmf-dist/tex/generic/tex4ht/tex4ht.4ht
version 2009-01-07-07:11
--------------------------------------
--- Note --- for additional information, use the command line option `info'
--------------------------------------

::::::::::::::::::::::::::::::::::::::::::
 TeX4ht info is available in the log file 
::::::::::::::::::::::::::::::::::::::::::
) (/usr/local/texlive/2012/texmf-dist/tex/generic/tex4ht/tex4ht.sty
version 2008-10-27-17:23

--- needs --- tex4ht PmagPy ---
\tmp:cnt=\count95
\openout15 = `PmagPy.tmp'.

(./PmagPy.tmp)
\tmp:dim=\skip45
--------------------------------------
--- Note --- for XML code, use the command line option `xml' or `xhtml'
--------------------------------------
 (./PmagPy.xref)
\:refout=\write3
\openout3 = `PmagPy.xref'.


(/usr/local/texlive/2012/texmf-dist/tex/generic/tex4ht/html4.4ht
version 2009-05-18-23:01
--------------------------------------
--- Note --- to remove the <?xml version=...?> processing instruction use the c
ommand line option `no-VERSION'
--------------------------------------
--------------------------------------
--- Note --- to remove the DOCTYPE declaration use the command line option `no-
DOCTYPE'
--------------------------------------
)
(/usr/local/texlive/2012/texmf-dist/tex/generic/tex4ht/html4-math.4ht
version 2009-05-18-23:01
)
--------------------------------------
--- Note --- for marking of the base font, use the command line option `fonts+'

--------------------------------------
--------------------------------------
--- Note --- for non active _, use the command line option `no_'
--------------------------------------
--------------------------------------
--- Note --- for _ of catcode 13, use the command line option `_13'
--------------------------------------
--------------------------------------
--- Note --- for non active ^, use the command line option `no^'
--------------------------------------
--------------------------------------
--- Note --- for ^ of catcode 13, use the command line option `^13'
--------------------------------------

(/usr/local/texlive/2012/texmf-dist/tex/generic/tex4ht/html4.4ht
version 2009-05-18-23:01
--------------------------------------
--- Note --- For section filenames that reflect on their titles use the command
 line option `sec-filename'
--------------------------------------
--------------------------------------
--- Note --- for alternative charset, use the command line option `charset=...'

--------------------------------------
--------------------------------------
--- Note --- to ignore CSS font decoration, use the `NoFonts' command line opti
on
--------------------------------------
--------------------------------------
--- Note --- for jpg bitmaps of pictures, use the `jpg' command line option. (C
haracter bitmaps are controled only by `g' records of tex4ht.env and `-g' switc
hes of tex4ht.c) 
--------------------------------------
--------------------------------------
--- Note --- for gif bitmaps of pictures, use the `gif' command line option. (C
haracter bitmaps are controled only by `g' records of tex4ht.env and `-g' switc
hes of tex4ht.c) 
--------------------------------------
--------------------------------------
--- Note --- for content and toc in 2 frames, use the command line option `fram
es'
--------------------------------------
--------------------------------------
--- Note --- for content, toc, and footnotes in 3 frames, use the command line 
option `frames-fn'
--------------------------------------
--------------------------------------
--- Note --- for file extension name xht, use the command line option `xht'
--------------------------------------
TeX4ht package options: html,1,sections+
--------------------------------------
--- Note --- to ignore CSS code, use the command line option `-css
--------------------------------------
--------------------------------------
--- Note --- for inline CSS code, use the command line option `css-in'
--------------------------------------
--------------------------------------
--- Note --- for pop ups on mouse over, use the command line option `mouseover'

--------------------------------------
--------------------------------------
--- Note --- for addressing images in a subdirectory, use the command line opti
on `imgdir:.../'
--------------------------------------
)
(/usr/local/texlive/2012/texmf-dist/tex/generic/tex4ht/html4-math.4ht
version 2009-05-18-23:01
)
\:tokwrite=\toks18
\:tokpage=\toks19
--------------------------------------
--- Note --- for linear crosslinks of pages, use the command line option `next'

--------------------------------------
\openout15 = `PmagPy.4ct'.

\:tocout=\write4
\openout4 = `PmagPy.4tc'.


(/usr/local/texlive/2012/texmf-dist/tex/generic/tex4ht/html4.4ht
version 2009-05-18-23:01
)
(/usr/local/texlive/2012/texmf-dist/tex/generic/tex4ht/html4-math.4ht
version 2009-05-18-23:01
)
(/usr/local/texlive/2012/texmf-dist/tex/generic/tex4ht/latex.4ht
version 2009-05-21-09:32
--------------------------------------
--- Note --- for links into captions, instead of float heads, use the command l
ine option `refcaption'
--------------------------------------

(/usr/local/texlive/2012/texmf-dist/tex/generic/tex4ht/html4.4ht
version 2009-05-18-23:01
--------------------------------------
--- Note --- For mini tocs immediately aftter the header use the command line o
ption `minitoc<'
--------------------------------------
--------------------------------------
--- Note --- for enumerated list elements with valued data, use the command lin
e option `enumerate+'
--------------------------------------
--------------------------------------
--- Note --- for enumerated list elements li's with value attributes, use the c
ommand line option `enumerate-'
--------------------------------------
--------------------------------------
--- Note --- for CSS2 code, use the command line option `css2'
--------------------------------------
--------------------------------------
--- Note --- for pictorial tabular, use the command line option `pic-tabular'
--------------------------------------
--------------------------------------
--- Note --- for bitmap fbox'es, use the command line option `pic-fbox'
--------------------------------------
--------------------------------------
--- Note --- for bitmap framebox'es, use the command line option `pic-framebox'

--------------------------------------
--------------------------------------
--- Note --- for inline footnotes use command line option `fn-in'
--------------------------------------
--------------------------------------
--- Note --- for tracing of latex font commands, use the command line option `f
onts'
--------------------------------------
--------------------------------------
--- Note --- for width specifications of tabular p entries, use the `p-width' c
ommand line option or a configuration similar to \Configure{HColWidth}{\HCode{ 
style="width:\HColWidth"}}
--------------------------------------
)
(/usr/local/texlive/2012/texmf-dist/tex/generic/tex4ht/html4-math.4ht
version 2009-05-18-23:01
--------------------------------------
--- Note --- for pictorial eqnarray, use the command line option `pic-eqnarray'

--------------------------------------
--------------------------------------
--- Note --- for pictorial array, use the command line option `pic-array'
--------------------------------------
--------------------------------------
--- Note --- for pictorial $...$ environments, use the command line option `pic
-m' (not recommended!!)
--------------------------------------
--------------------------------------
--- Note --- for pictorial $...$ and $$...$$ environments with latex alt, use t
he command line option `pic-m+' (not safe!!)
--------------------------------------
--------------------------------------
--- Note --- for pictorial array, use the command line option `pic-array'
--------------------------------------
))
(/usr/local/texlive/2012/texmf-dist/tex/generic/tex4ht/fontmath.4ht
version 2009-05-21-09:32

(/usr/local/texlive/2012/texmf-dist/tex/generic/tex4ht/html4.4ht
version 2009-05-18-23:01
)
(/usr/local/texlive/2012/texmf-dist/tex/generic/tex4ht/html4-math.4ht
version 2009-05-18-23:01
))
(/usr/local/texlive/2012/texmf-dist/tex/generic/tex4ht/book.4ht
version 2009-05-21-09:32

(/usr/local/texlive/2012/texmf-dist/tex/generic/tex4ht/html4.4ht
version 2009-05-18-23:01
--------------------------------------
--- Note --- for tocs without * entries, use command line option `notoc*'
--------------------------------------
--------------------------------------
--- Note --- for frames-like object-based table of contents, use the command li
ne option `obj-toc'
--------------------------------------
--------------------------------------
--- Note --- for files named derived from section titles, use the command line 
option `sec-filename'
--------------------------------------
--------------------------------------
--- Note --- to eliminate mini tables of contents, use the command line option 
`nominitoc'
--------------------------------------
--------------------------------------
--- Note --- for i-columns index, use the command line option `index=i' (e.g., 
index=2)
--------------------------------------
)
(/usr/local/texlive/2012/texmf-dist/tex/generic/tex4ht/html4-math.4ht
version 2009-05-18-23:01
))
(/usr/local/texlive/2012/texmf-dist/tex/generic/tex4ht/graphicx.4ht
version 2009-05-21-09:32

(/usr/local/texlive/2012/texmf-dist/tex/generic/tex4ht/html4.4ht
version 2009-05-18-23:01
)
(/usr/local/texlive/2012/texmf-dist/tex/generic/tex4ht/html4-math.4ht
version 2009-05-18-23:01
))
(/usr/local/texlive/2012/texmf-dist/tex/generic/tex4ht/graphics.4ht
version 2009-05-21-09:32

(/usr/local/texlive/2012/texmf-dist/tex/generic/tex4ht/html4.4ht
version 2009-05-18-23:01
--------------------------------------
--- Note --- if included graphics are of degraded quality, try the command line
 options `graphics-num' or `graphics-'. The `num' should provide the density of
 pixels in the bitmaps (e.g., 110). 
--------------------------------------
--------------------------------------
--- Note --- for key dimensions try the option `Gin-dim'; for key dimensions wh
en bounding box is unavailable try `Gin-dim+'; neither is recommended
--------------------------------------
)
(/usr/local/texlive/2012/texmf-dist/tex/generic/tex4ht/html4-math.4ht
version 2009-05-18-23:01
))
(/usr/local/texlive/2012/texmf-dist/tex/generic/tex4ht/dvips.4ht
version 2009-05-21-09:32

(/usr/local/texlive/2012/texmf-dist/tex/generic/tex4ht/html4.4ht
version 2009-05-18-23:01
)
(/usr/local/texlive/2012/texmf-dist/tex/generic/tex4ht/html4-math.4ht
version 2009-05-18-23:01
))
(/usr/local/texlive/2012/texmf-dist/tex/generic/tex4ht/color.4ht
version 2009-05-21-09:32

(/usr/local/texlive/2012/texmf-dist/tex/generic/tex4ht/html4.4ht
version 2009-05-18-23:01
)
(/usr/local/texlive/2012/texmf-dist/tex/generic/tex4ht/html4-math.4ht
version 2009-05-18-23:01
))
(/usr/local/texlive/2012/texmf-dist/tex/generic/tex4ht/dvipsnam.4ht
version 2009-05-21-09:32

(/usr/local/texlive/2012/texmf-dist/tex/latex/graphics/dvipsnam.def)
(/usr/local/texlive/2012/texmf-dist/tex/generic/tex4ht/html4.4ht
version 2009-05-18-23:01
)
(/usr/local/texlive/2012/texmf-dist/tex/generic/tex4ht/html4-math.4ht
version 2009-05-18-23:01
))
(/usr/local/texlive/2012/texmf-dist/tex/generic/tex4ht/natbib.4ht
version 2009-05-21-09:32

(/usr/local/texlive/2012/texmf-dist/tex/generic/tex4ht/html4.4ht
version 2009-05-18-23:01
)
(/usr/local/texlive/2012/texmf-dist/tex/generic/tex4ht/html4-math.4ht
version 2009-05-18-23:01
))
(/usr/local/texlive/2012/texmf-dist/tex/generic/tex4ht/bm.4ht
version 2009-05-21-09:32

(/usr/local/texlive/2012/texmf-dist/tex/generic/tex4ht/html4.4ht
version 2009-05-18-23:01
)
(/usr/local/texlive/2012/texmf-dist/tex/generic/tex4ht/html4-math.4ht
version 2009-05-18-23:01
))
(/usr/local/texlive/2012/texmf-dist/tex/generic/tex4ht/amssymb.4ht
version 2009-05-21-09:32

(/usr/local/texlive/2012/texmf-dist/tex/generic/tex4ht/html4.4ht
version 2009-05-18-23:01
)
(/usr/local/texlive/2012/texmf-dist/tex/generic/tex4ht/html4-math.4ht
version 2009-05-18-23:01
))
(/usr/local/texlive/2012/texmf-dist/tex/generic/tex4ht/amsfonts.4ht
version 2009-05-21-09:32

(/usr/local/texlive/2012/texmf-dist/tex/generic/tex4ht/html4.4ht
version 2009-05-18-23:01
)
(/usr/local/texlive/2012/texmf-dist/tex/generic/tex4ht/html4-math.4ht
version 2009-05-18-23:01
))
(/usr/local/texlive/2012/texmf-dist/tex/generic/tex4ht/hyperref.4ht
version 2011-01-30-16:01

(/usr/local/texlive/2012/texmf-dist/tex/latex/hyperref/nameref.sty
Package: nameref 2010/04/30 v2.40 Cross-referencing by name of section

(/usr/local/texlive/2012/texmf-dist/tex/generic/oberdiek/gettitlestring.sty
Package: gettitlestring 2010/12/03 v1.4 Cleanup title references (HO)
)
\c@section@level=\count96
)
(/usr/local/texlive/2012/texmf-dist/tex/generic/tex4ht/nameref.4ht
version 2010-09-04-21:02

(/usr/local/texlive/2012/texmf-dist/tex/generic/tex4ht/html4.4ht
version 2009-05-18-23:01
)
(/usr/local/texlive/2012/texmf-dist/tex/generic/tex4ht/html4-math.4ht
version 2009-05-18-23:01
))
LaTeX Info: Redefining \autoref on input line 100.
\Hy@SectionHShift=\skip46

(/usr/local/texlive/2012/texmf-dist/tex/generic/tex4ht/html4.4ht
version 2009-05-18-23:01
)
(/usr/local/texlive/2012/texmf-dist/tex/generic/tex4ht/html4-math.4ht
version 2009-05-18-23:01
))
(/usr/local/texlive/2012/texmf-dist/tex/generic/tex4ht/pd1enc.4ht
version 2009-05-21-09:32

(/usr/local/texlive/2012/texmf-dist/tex/generic/tex4ht/html4.4ht
version 2009-05-18-23:01
)
(/usr/local/texlive/2012/texmf-dist/tex/generic/tex4ht/html4-math.4ht
version 2009-05-18-23:01
))
(/usr/local/texlive/2012/texmf-dist/tex/generic/tex4ht/url.4ht
version 2009-05-21-09:32

(/usr/local/texlive/2012/texmf-dist/tex/generic/tex4ht/html4.4ht
version 2009-05-18-23:01
--------------------------------------
--- Note --- for URL encoding within href use the command line option `url-enc'

--------------------------------------
)
(/usr/local/texlive/2012/texmf-dist/tex/generic/tex4ht/html4-math.4ht
version 2009-05-18-23:01
))
(/usr/local/texlive/2012/texmf-dist/tex/generic/tex4ht/html4.4ht
version 2009-05-18-23:01
)
(/usr/local/texlive/2012/texmf-dist/tex/generic/tex4ht/html4-math.4ht
version 2009-05-18-23:01
))
(./PmagPy.aux)
\openout1 = `PmagPy.aux'.

LaTeX Font Info:    Checking defaults for OML/cmm/m/it on input line 32.
LaTeX Font Info:    ... okay on input line 32.
LaTeX Font Info:    Checking defaults for T1/cmr/m/n on input line 32.
LaTeX Font Info:    ... okay on input line 32.
LaTeX Font Info:    Checking defaults for OT1/cmr/m/n on input line 32.
LaTeX Font Info:    ... okay on input line 32.
LaTeX Font Info:    Checking defaults for OMS/cmsy/m/n on input line 32.
LaTeX Font Info:    ... okay on input line 32.
LaTeX Font Info:    Checking defaults for OMX/cmex/m/n on input line 32.
LaTeX Font Info:    ... okay on input line 32.
LaTeX Font Info:    Checking defaults for U/cmr/m/n on input line 32.
LaTeX Font Info:    ... okay on input line 32.
LaTeX Font Info:    Checking defaults for PD1/pdf/m/n on input line 32.
LaTeX Font Info:    ... okay on input line 32.
\AtBeginShipoutBox=\box26
Package hyperref Info: Link coloring ON on input line 32.
LaTeX Info: Redefining \ref on input line 32.
LaTeX Info: Redefining \pageref on input line 32.
LaTeX Info: Redefining \nameref on input line 32.
--- file PmagPy.css ---
 [1

] [2

] (./PmagPy.4ct) (./PmagPy.4ct [3] [4] [5] [6])
l. 39 Writing PmagPy.idv[1] (PmagPy0x.png)
File: EPSfiles/logo.eps Graphic file (type eps)

<EPSfiles/logo.eps> [7] [8

] [9]
LaTeX Font Info:    Try loading font information for U+msa on input line 43.

(/usr/local/texlive/2012/texmf-dist/tex/latex/amsfonts/umsa.fd
File: umsa.fd 2009/06/22 v3.00 AMS symbols A
)
LaTeX Font Info:    Try loading font information for U+msb on input line 43.

(/usr/local/texlive/2012/texmf-dist/tex/latex/amsfonts/umsb.fd
File: umsb.fd 2009/06/22 v3.00 AMS symbols B
)

LaTeX Warning: No \author given.

[1] [2]
Chapter 1.
[3

]
LaTeX Font Info:    Try loading font information for OMS+cmr on input line 93.
 (/usr/local/texlive/2012/texmf-dist/tex/latex/base/omscmr.fd
File: omscmr.fd 1999/05/25 v2.5h Standard LaTeX font definitions
)
LaTeX Font Info:    Font shape `OMS/cmr/m/n' in size <10.95> not available
(Font)              Font shape `OMS/cmsy/m/n' tried instead on input line 93.
 [4]
Chapter 2.
l. 108 Writing PmagPy.idv[2] (PmagPy1x.png)
File: EPSfiles/FigQkMagicFlow.eps Graphic file (type eps)
<EPSfiles/FigQkMagicFlow.eps> [5

]
l. 121 Writing PmagPy.idv[3] (PmagPy2x.png)
File: EPSfiles/FigGenericFormat.eps Graphic file (type eps)
 <EPSfiles/FigGenericFormat.eps>
l. 127 Writing PmagPy.idv[4] (PmagPy3x.png)
File: EPSfiles/FigChooseFile.eps Graphic file (type eps)

<EPSfiles/FigChooseFile.eps> [6]
Missing character: There is no Ô in font cmr10!
Missing character: There is no Õ in font cmr10!
l. 131 Writing PmagPy.idv[5] (PmagPy4x.png)
File: EPSfiles/FigConvertGenericA.eps Graphic file (type eps)
 <EPSfiles/FigConvertGenericA.eps> [7] [8]
l. 135 Writing PmagPy.idv[6] (PmagPy5x.png)
File: EPSfiles/FigConvertGenericB.eps Graphic file (type eps)

<EPSfiles/FigConvertGenericB.eps> [9] [10]
Missing character: There is no Ô in font cmr10!
Missing character: There is no Õ in font cmr10!
l. 151 Writing PmagPy.idv[7] (PmagPy6x.png)
File: EPSfiles/FigCombineMagic.eps Graphic file (type eps)
 <EPSfiles/FigCombineMagic.eps>
[11] [12]
Missing character: There is no Ô in font cmr10!
Missing character: There is no Õ in font cmr10!
l. 166 Writing PmagPy.idv[8] (PmagPy7x.png)
File: EPSfiles/FigDemagOrient.eps Graphic file (type eps)
 <EPSfiles/FigDemagOrient.eps> [13] [14]
l. 178 Writing PmagPy.idv[9] (PmagPy8x.png)
File: EPSfiles/FigOrientMagicCodes.eps Graphic file (type eps)

<EPSfiles/FigOrientMagicCodes.eps>
l. 185 Writing PmagPy.idv[10] (PmagPy9x.png)
File: EPSfiles/FigErBuilder.eps Graphic file (type eps)
 <EPSfiles/FigErBuilder.eps> [15]
l. 194 Writing PmagPy.idv[11] (PmagPy10x.png)
File: EPSfiles/FigDemagGui.eps Graphic file (type eps)

<EPSfiles/FigDemagGui.eps> [16] [17]
l. 216 Writing PmagPy.idv[12] (PmagPy11x.png)
File: EPSfiles/FigThellierGui.eps Graphic file (type eps)
 <EPSfiles/FigThellierGui.eps> [18]
[19] [20

]
Chapter 3.
l. 258 Writing PmagPy.idv[13] (PmagPy12x.png)
File: EPSfiles/ProjectDirectory.eps Graphic file (type eps)
<EPSfiles/ProjectDirectory.eps> [21] [22]
l. 276 Writing PmagPy.idv[14] (PmagPy13x.png)
File: EPSfiles/orient.eps Graphic file (type eps)
 <EPSfiles/orient.eps> [23]
l. 292 Writing PmagPy.idv[15] (PmagPy14x.png)
File: EPSfiles/suncomp.eps Graphic file (type eps)

<EPSfiles/suncomp.eps> [24]
l. 313 Writing PmagPy.idv[16] (PmagPy15x.png)
File: EPSfiles/orcon_1.eps Graphic file (type eps)
 <EPSfiles/orcon_1.eps> [25]
l. 317 Writing PmagPy.idv[17] (PmagPy16x.png)
File: EPSfiles/orcon_2.eps Graphic file (type eps)
 <EPSfiles/orcon_2.eps>
[26]
l. 321 Writing PmagPy.idv[18] (PmagPy17x.png)
File: EPSfiles/orcon_3.eps Graphic file (type eps)
 <EPSfiles/orcon_3.eps> [27]
l. 325 Writing PmagPy.idv[19] (PmagPy18x.png)
File: EPSfiles/orcon_4.eps Graphic file (type eps)
 <EPSfiles/orcon_4.eps> [28]
l. 329 Writing PmagPy.idv[20] (PmagPy19x.png)
File: EPSfiles/orcon_5.eps Graphic file (type eps)

<EPSfiles/orcon_5.eps> [29]
l. 334 Writing PmagPy.idv[21] (PmagPy20x.png)
File: EPSfiles/orcon_6.eps Graphic file (type eps)
 <EPSfiles/orcon_6.eps> [30] [31]
l. 365 Writing PmagPy.idv[22] (PmagPy21x.png)
File: EPSfiles/azdip.eps Graphic file (type eps)

<EPSfiles/azdip.eps> [32]
l. 376 Writing PmagPy.idv[23] (PmagPy22x.png)
File: EPSfiles/WebTabular_srm.eps Graphic file (type eps)
 <EPSfiles/WebTabular_srm.eps> [33]
l. 382 Writing PmagPy.idv[24] (PmagPy23x.png)
File: EPSfiles/WebTabular_core.eps Graphic file (type eps)

<EPSfiles/WebTabular_core.eps> [34] [35] [36] [37]
l. 458 Writing PmagPy.idv[25] (PmagPy24x.png)
File: EPSfiles/FileMenu.eps Graphic file (type eps)
 <EPSfiles/FileMenu.eps>
[38]
l. 472 Writing PmagPy.idv[26] (PmagPy25x.png)
File: EPSfiles/ImportMenu.eps Graphic file (type eps)
 <EPSfiles/ImportMenu.eps> [39] [40] [41]
l. 516 Writing PmagPy.idv[27] (PmagPy26x.png)
File: EPSfiles/make_sio.eps Graphic file (type eps)
 <EPSfiles/make_sio.eps> [42]
[43] [44] [45] [46] [47] [48] [49] [50] [51] [52] [53] [54]
Chapter 4.
[55

]
\exnum=\count97
 [56] [57] [58] [59] [60] [61]
l. 882 Writing PmagPy.idv[28] (PmagPy27x.png)
File: EPSfiles/tauxe12-magic.eps Graphic file (type eps)
 <EPSfiles/tauxe12-magic.eps> [62]
l. 893 Writing PmagPy.idv[29] (PmagPy28x.png)
File: EPSfiles/ani-depthplot.eps Graphic file (type eps)

<EPSfiles/ani-depthplot.eps> [63] [64]
l. 926 Writing PmagPy.idv[30] (PmagPy29x.png)
File: EPSfiles/dike.eps Graphic file (type eps)
 <EPSfiles/dike.eps> [65] [66]
l. 951 Writing PmagPy.idv[31] (PmagPy30x.png)
File: EPSfiles/sed-aniso.eps Graphic file (type eps)

<EPSfiles/sed-aniso.eps> [67] [68] [69]
l. 1002 Writing PmagPy.idv[32] (PmagPy31x.png)
File: EPSfiles/atrm_meas.eps Graphic file (type eps)
 <EPSfiles/atrm_meas.eps> [70] [71]
[72] [73] [74]
l. 1082 Writing PmagPy.idv[33] (PmagPy32x.png)
File: EPSfiles/basemap.eps Graphic file (type eps)
 <EPSfiles/basemap.eps> [75] [76] [77]
l. 1127 Writing PmagPy.idv[34] (PmagPy33x.png)
File: EPSfiles/arm-x.eps Graphic file (type eps)
 <EPSfiles/arm-x.eps>
[78] [79] [80] [81] [82] [83] [84]
l. 1278 Writing PmagPy.idv[35] (PmagPy34x.png)
File: EPSfiles/chi-magic.eps Graphic file (type eps)
 <EPSfiles/chi-magic.eps> [85] [86]
l. 1312 Writing PmagPy.idv[36] (PmagPy35x.png)
File: EPSfiles/common-mean-eq.eps Graphic file (type eps)

<EPSfiles/common-mean-eq.eps> [87]
l. 1327 Writing PmagPy.idv[37] (PmagPy36x.png)
File: EPSfiles/common-mean.eps Graphic file (type eps)
 <EPSfiles/common-mean.eps> [88]
l. 1343 Writing PmagPy.idv[38] (PmagPy37x.png)
File: EPSfiles/common-mean-EX.eps Graphic file (type eps)

<EPSfiles/common-mean-EX.eps> [89]
l. 1369 Writing PmagPy.idv[39] (PmagPy38x.png)
File: EPSfiles/controt.eps Graphic file (type eps)
 <EPSfiles/controt.eps> [90] [91] [92]
l. 1406 Writing PmagPy.idv[40] (PmagPy39x.png)
File: EPSfiles/core-depthplot.eps Graphic file (type eps)

<EPSfiles/core-depthplot.eps> [93] [94]
l. 1428 Writing PmagPy.idv[41] (PmagPy40x.png)
File: EPSfiles/curie-ex.eps Graphic file (type eps)
 <EPSfiles/curie-ex.eps> [95] [96]
[97] [98]
l. 1492 Writing PmagPy.idv[42] (PmagPy41x.png)
File: EPSfiles/dayplot.eps Graphic file (type eps)
 <EPSfiles/dayplot.eps> [99] [100] [101]
l. 1552 Writing PmagPy.idv[43] (PmagPy42x.png)
File: EPSfiles/di_geo_spc_eq.eps Graphic file (type eps)
 <EPSfiles/di_geo_spc_eq.eps>
[102]
l. 1564 Writing PmagPy.idv[44] (PmagPy43x.png)
File: EPSfiles/di_geo_geo_eq.eps Graphic file (type eps)
 <EPSfiles/di_geo_geo_eq.eps> [103] [104]
l. 1589 Writing PmagPy.idv[45] (PmagPy44x.png)
File: EPSfiles/dirot.eps Graphic file (type eps)
 <EPSfiles/dirot.eps> [105]
[106] [107] [108] [109] [110] [111] [112]
l. 1770 Writing PmagPy.idv[46] (PmagPy45x.png)
File: EPSfiles/dmag.eps Graphic file (type eps)
 <EPSfiles/dmag.eps> [113] [114]
[115] [116] [117] [118]
l. 1890 Writing PmagPy.idv[47] (PmagPy46x.png)
File: EPSfiles/eqarea.eps Graphic file (type eps)
 <EPSfiles/eqarea.eps> [119] [120]
l. 1921 Writing PmagPy.idv[48] (PmagPy47x.png)
File: EPSfiles/eqarea_ell.eps Graphic file (type eps)

<EPSfiles/eqarea_ell.eps> [121] [122] [123] [124]
l. 1978 Writing PmagPy.idv[49] (PmagPy48x.png)
File: EPSfiles/eqarea-magic.eps Graphic file (type eps)
 <EPSfiles/eqarea-magic.eps>
[125] [126]
l. 2008 Writing PmagPy.idv[50] (PmagPy49x.png)
File: EPSfiles/eqarea_magic_BV.eps Graphic file (type eps)
 <EPSfiles/eqarea_magic_BV.eps> [127] [128] [129]
l. 2065 Writing PmagPy.idv[51] (PmagPy50x.png)
File: EPSfiles/find_EI.eps Graphic file (type eps)

<EPSfiles/find_EI.eps> [130] [131] [132] [133]
l. 2109 Writing PmagPy.idv[52] (PmagPy51x.png)
File: EPSfiles/fishqq-ex.eps Graphic file (type eps)
 <EPSfiles/fishqq-ex.eps>
[134] [135]
l. 2160 Writing PmagPy.idv[53] (PmagPy52x.png)
File: EPSfiles/foldtest-ex.eps Graphic file (type eps)
 <EPSfiles/foldtest-ex.eps> [136] [137] [138] [139] [140] [141]
[142] [143]
l. 2276 Writing PmagPy.idv[54] (PmagPy53x.png)
File: EPSfiles/grab_magic_key.eps Graphic file (type eps)
 <EPSfiles/grab_magic_key.eps> [144] [145]
l. 2293 Writing PmagPy.idv[55] (PmagPy54x.png)
File: EPSfiles/hist.eps Graphic file (type eps)
 <EPSfiles/hist.eps>
[146] [147]
l. 2317 Writing PmagPy.idv[56] (PmagPy55x.png)
File: EPSfiles/hysteresis-magic.eps Graphic file (type eps)
 <EPSfiles/hysteresis-magic.eps> [148] [149] [150] [151] [152]
l. 2360 Writing PmagPy.idv[57] (PmagPy56x.png)
File: EPSfiles/igrf.eps Graphic file (type eps)

<EPSfiles/igrf.eps> [153] [154] [155] [156]
l. 2421 Writing PmagPy.idv[58] (PmagPy57x.png)
File: EPSfiles/irmaq_magic.eps Graphic file (type eps)
 <EPSfiles/irmaq_magic.eps> [157]
[158] [159]
l. 2456 Writing PmagPy.idv[59] (PmagPy58x.png)
File: EPSfiles/meas15.eps Graphic file (type eps)
 <EPSfiles/meas15.eps> [160] [161] [162] [163] [164] [165] [166]
l. 2561 Writing PmagPy.idv[60] (PmagPy59x.png)
File: EPSfiles/lnp-ex.eps Graphic file (type eps)

<EPSfiles/lnp-ex.eps> [167] [168]
l. 2583 Writing PmagPy.idv[61] (PmagPy60x.png)
File: EPSfiles/lowrie.eps Graphic file (type eps)
 <EPSfiles/lowrie.eps> [169] [170] [171]
[172]
l. 2643 Writing PmagPy.idv[62] (PmagPy61x.png)
File: EPSfiles/make_sio_tut_af.eps Graphic file (type eps)
 <EPSfiles/make_sio_tut_af.eps>
l. 2645 Writing PmagPy.idv[63] (PmagPy62x.png)
File: EPSfiles/make_sio_tut_af.eps Graphic file (type eps)
 <EPSfiles/make_sio_tut_af.eps> [173]
l. 2647 Writing PmagPy.idv[64] (PmagPy63x.png)
File: EPSfiles/make_sio_tut_aarm.eps Graphic file (type eps)

<EPSfiles/make_sio_tut_aarm.eps> [174]
l. 2653 Writing PmagPy.idv[65] (PmagPy64x.png)
File: EPSfiles/hysteresis.eps Graphic file (type eps)
 <EPSfiles/hysteresis.eps> [175] [176]
[177] [178] [179] [180] [181] [182] [183] [184] [185] [186] [187] [188]
[189] [190] [191] [192] [193] [194] [195]
l. 3079 Writing PmagPy.idv[66] (PmagPy65x.png)
File: EPSfiles/samples.eps Graphic file (type eps)
 <EPSfiles/samples.eps> [196] [197]
[198] [199] [200] [201] [202] [203] [204]
l. 3270 Writing PmagPy.idv[67] (PmagPy66x.png)
File: EPSfiles/nrm-eq.eps Graphic file (type eps)
 <EPSfiles/nrm-eq.eps> [205] [206]
[207] [208] [209]

LaTeX Warning: Reference `app:MagIC' on page 210 undefined on input line 3328.

[210]
l. 3359 Writing PmagPy.idv[68] (PmagPy67x.png)
File: EPSfiles/plot_cdf.eps Graphic file (type eps)
 <EPSfiles/plot_cdf.eps> [211] [212]
l. 3397 Writing PmagPy.idv[69] (PmagPy68x.png)
File: EPSfiles/plot_mapPTS.eps Graphic file (type eps)
 <EPSfiles/plot_mapPTS.eps> [213]
[214]
l. 3430 Writing PmagPy.idv[70] (PmagPy69x.png)
File: EPSfiles/plotdi-a-example.eps Graphic file (type eps)
 <EPSfiles/plotdi-a-example.eps> [215] [216] [217]
l. 3477 Writing PmagPy.idv[71] (PmagPy70x.png)
File: EPSfiles/pt_rot.eps Graphic file (type eps)
 <EPSfiles/pt_rot.eps>
[218] [219]
l. 3509 Writing PmagPy.idv[72] (PmagPy71x.png)
File: EPSfiles/pt_rot_panA.eps Graphic file (type eps)
 <EPSfiles/pt_rot_panA.eps> [220] [221]
l. 3534 Writing PmagPy.idv[73] (PmagPy72x.png)
File: EPSfiles/qq.eps Graphic file (type eps)
 <EPSfiles/qq.eps> [222]
[223]
l. 3560 Writing PmagPy.idv[74] (PmagPy73x.png)
File: EPSfiles/quick_hyst.eps Graphic file (type eps)
 <EPSfiles/quick_hyst.eps> [224] [225]
l. 3584 Writing PmagPy.idv[75] (PmagPy74x.png)
File: EPSfiles/revtest.eps Graphic file (type eps)
 <EPSfiles/revtest.eps> [226]
[227]
l. 3613 Writing PmagPy.idv[76] (PmagPy75x.png)
File: EPSfiles/Ao2013eq.eps Graphic file (type eps)
 <EPSfiles/Ao2013eq.eps> [228]
l. 3638 Writing PmagPy.idv[77] (PmagPy76x.png)
File: EPSfiles/WatsonsV_Ao_etal2013.eps Graphic file (type eps)
 <EPSfiles/WatsonsV_Ao_etal2013.eps>
[229] [230] [231] [232] [233] [234] [235] [236] [237] [238]
l. 3814 Writing PmagPy.idv[78] (PmagPy77x.png)
File: EPSfiles/site_edit_magic.eps Graphic file (type eps)

<EPSfiles/site_edit_magic.eps> [239] [240] [241] [242] [243]
l. 3907 Writing PmagPy.idv[79] (PmagPy78x.png)
File: EPSfiles/latVage.eps Graphic file (type eps)

<EPSfiles/latVage.eps> [244] [245] [246] [247] [248] [249] [250]
l. 3990 Writing PmagPy.idv[80] (PmagPy79x.png)
File: EPSFiles/Screenshot_choose_directory.eps Graphic file (type eps)

<EPSFiles/Screenshot_choose_directory.eps> [251]
l. 4004 Writing PmagPy.idv[81] (PmagPy80x.png)
File: EPSFiles/Screenshot_main_panel.eps Graphic file (type eps)

<EPSFiles/Screenshot_main_panel.eps> [252] [253] [254] [255] [256] [257]
[258] [259] [260] [261] [262] [263]
l. 4223 Writing PmagPy.idv[82] (PmagPy81x.png)
File: EPSfiles/thellier_magic.eps Graphic file (type eps)
 <EPSfiles/thellier_magic.eps> [264]
[265] [266]
l. 4268 Writing PmagPy.idv[83] (PmagPy82x.png)
File: EPSfiles/tk03.eps Graphic file (type eps)
 <EPSfiles/tk03.eps> [267] [268]
l. 4286 Writing PmagPy.idv[84] (PmagPy83x.png)
File: EPSfiles/uniform.eps Graphic file (type eps)
 <EPSfiles/uniform.eps> [269]
[270] [271] [272] [273] [274]
l. 4424 Writing PmagPy.idv[85] (PmagPy84x.png)
File: EPSfiles/VGP_map.eps Graphic file (type eps)
 <EPSfiles/VGP_map.eps> [275] [276] [277] [278]
l. 4475 Writing PmagPy.idv[86] (PmagPy85x.png)
File: EPSfiles/watsonsV_example.eps Graphic file (type eps)

<EPSfiles/watsonsV_example.eps> [279] [280] [281]
l. 4498 Writing PmagPy.idv[87] (PmagPy86x.png)
File: EPSfiles/zeq.eps Graphic file (type eps)
 <EPSfiles/zeq.eps> [282]
[283] [284] [285] [286

]
Chapter 5.
l. 4593 Writing PmagPy.idv[88] (PmagPy87x.png)
File: EPSfiles/MagIC_search.eps Graphic file (type eps)
<EPSfiles/MagIC_search.eps> [287] [288] [289] [290] [291] [292

]
Chapter 6.
l. 4750 Writing PmagPy.idv[89] (PmagPy88x.png)
File: EPSfiles/terminal.eps Graphic file (type eps)
<EPSfiles/terminal.eps>
l. 4754 Writing PmagPy.idv[90] (PmagPy89x.png)
File: EPSfiles/cmd.eps Graphic file (type eps)
 <EPSfiles/cmd.eps> [293]
l. 4758 Writing PmagPy.idv[91] (PmagPy90x.png)
File: EPSfiles/terminals.eps Graphic file (type eps)
 <EPSfiles/terminals.eps>
[294]
l. 4773 Writing PmagPy.idv[92] (PmagPy91x.png)
File: EPSfiles/filesys.eps Graphic file (type eps)
 <EPSfiles/filesys.eps> [295] [296] [297] [298] [299] [300

]
Chapter 7.
[301]
l. 4913 Writing PmagPy.idv[93] (PmagPy92x.png)
 [302] [303] [304] [305] [306] [307] [308] [309] [310] [311] [312]
[313] [314] [315] [316] [317] [318] [319] [320] [321] [322] [323] [324]
[325] [326] [327] [328] [329]
l. 5306 Writing PmagPy.idv[94] (PmagPy93x.png)
File: EPSfiles/ndim.eps Graphic file (type eps)
 <EPSfiles/ndim.eps> [330] [331] [332] [333]
[334] [335] [336] [337] [338] [339] [340] [341] [342] [343] [344] [345]
[346] [347] [348] [349] [350] [351] [352] [353] [354] [355] [356] [357]
[358] [359] [360] [361] [362] [363] [364] [365] [366] [367] [368] [369]
[370] [371] [372] [373] [374] [375] [376] [377] [378] [379] [380] [381]
[382] [383] [384] [385] [386] [387] [388] [389] [390] [391] [392] [393]
[394] [395] [396] [397] [398]
l. 6313 Writing PmagPy.idv[95] (PmagPy94x.png)
File: EPSfiles/matplotlib1.eps Graphic file (type eps)
 <EPSfiles/matplotlib1.eps> [399] [400] [401]
l. 6356 Writing PmagPy.idv[96] (PmagPy95x.png)
File: EPSfiles/matplotlib2.eps Graphic file (type eps)

<EPSfiles/matplotlib2.eps> [402] [403] [404] [405]
l. 6414 Writing PmagPy.idv[97] (PmagPy96x.png)
File: EPSfiles/matplotlib3.eps Graphic file (type eps)
 <EPSfiles/matplotlib3.eps>
[406] [407]
l. 6448 Writing PmagPy.idv[98] (PmagPy97x.png)
File: EPSfiles/matplotlib4.eps Graphic file (type eps)
 <EPSfiles/matplotlib4.eps> [408] [409] (./PmagPy.bbl [410] [411

]
[412] [413] [414])
Package atveryend Info: Empty hook `BeforeClearDocument' on input line 6468.
 [415]
Package atveryend Info: Empty hook `AfterLastShipout' on input line 6468.
 (./PmagPy.aux)
Package atveryend Info: Empty hook `AtVeryEndDocument' on input line 6468.
Package atveryend Info: Empty hook `AtEndAfterFileList' on input line 6468.


LaTeX Warning: There were undefined references.

Package atveryend Info: Empty hook `AtVeryVeryEnd' on input line 6468.
 )
(\end occurred inside a group at level 5)

### simple group (level 5) entered at line 6420 ({)
### simple group (level 4) entered at line 6386 ({)
### simple group (level 3) entered at line 5167 ({)
### simple group (level 2) entered at line 730 ({)
### simple group (level 1) entered at line 39 ({)
### bottom level 
Here is how much of TeX's memory you used:
 10357 strings out of 493489
 142966 string characters out of 3141349
 336472 words of memory out of 3000000
 13378 multiletter control sequences out of 15000+200000
 15547 words of font info for 57 fonts, out of 3000000 for 9000
 957 hyphenation exceptions out of 8191
 37i,9n,30p,1808b,2331s stack positions out of 5000i,500n,10000p,200000b,50000s

Output written on PmagPy.dvi (424 pages, 1152400 bytes).
