\BOOKMARK [0][-]{chapter.1}{MagIC Quick Start}{}% 1
\BOOKMARK [0][-]{chapter.2}{QuickMagIC.py Tutorial}{}% 2
\BOOKMARK [1][-]{section.2.1}{Converting magnetometer files to MagIC format}{chapter.2}% 3
\BOOKMARK [1][-]{section.2.2}{Optional: Calculate geographic / tilt-corrected direction}{chapter.2}% 4
\BOOKMARK [1][-]{section.2.3}{Filling in the EarthRef data}{chapter.2}% 5
\BOOKMARK [1][-]{section.2.4}{Demag GUI tool}{chapter.2}% 6
\BOOKMARK [1][-]{section.2.5}{Thellier GUI tool}{chapter.2}% 7
\BOOKMARK [1][-]{section.2.6}{Upload to the database }{chapter.2}% 8
\BOOKMARK [1][-]{section.2.7}{Preparing for MagIC}{chapter.2}% 9
\BOOKMARK [2][-]{subsection.2.7.1}{Project Directory}{section.2.7}% 10
\BOOKMARK [2][-]{subsection.2.7.2}{What goes in MyFiles}{section.2.7}% 11
\BOOKMARK [3][-]{section*.2}{Field and sampling information}{subsection.2.7.2}% 12
\BOOKMARK [3][-]{section*.3}{Data files downloaded from the IODP \(LIMS\) database}{subsection.2.7.2}% 13
\BOOKMARK [2][-]{subsection.2.7.3}{Supported Rock Magnetometer files}{section.2.7}% 14
\BOOKMARK [3][-]{section*.4}{Hysteresis file formats}{subsection.2.7.3}% 15
\BOOKMARK [2][-]{subsection.2.7.4}{Importing magnetometer data}{section.2.7}% 16
\BOOKMARK [1][-]{section.2.8}{Import menu option}{chapter.2}% 17
\BOOKMARK [2][-]{subsection.2.8.1}{Importing Anisotropy of magnetic susceptibility data}{section.2.8}% 18
\BOOKMARK [2][-]{subsection.2.8.2}{Importing hysteresis data}{section.2.8}% 19
\BOOKMARK [0][-]{chapter.3}{The PmagPy software package}{}% 20
\BOOKMARK [1][-]{section.3.1}{General characteristics of PmagPy programs}{chapter.3}% 21
\BOOKMARK [1][-]{section.3.2}{Examples of how to use PmagPy programs}{chapter.3}% 22
\BOOKMARK [2][-]{subsection.3.2.1}{aarm\137magic.py}{section.3.2}% 23
\BOOKMARK [2][-]{subsection.3.2.2}{angle.py }{section.3.2}% 24
\BOOKMARK [2][-]{subsection.3.2.3}{ANI\137depthplot.py}{section.3.2}% 25
\BOOKMARK [2][-]{subsection.3.2.4}{aniso\137magic.py}{section.3.2}% 26
\BOOKMARK [2][-]{subsection.3.2.5}{apwp.py }{section.3.2}% 27
\BOOKMARK [2][-]{subsection.3.2.6}{atrm\137magic.py}{section.3.2}% 28
\BOOKMARK [2][-]{subsection.3.2.7}{azdip\137magic.py}{section.3.2}% 29
\BOOKMARK [2][-]{subsection.3.2.8}{b\137vdm.py}{section.3.2}% 30
\BOOKMARK [2][-]{subsection.3.2.9}{basemap\137magic.py}{section.3.2}% 31
\BOOKMARK [2][-]{subsection.3.2.10}{biplot\137magic.py}{section.3.2}% 32
\BOOKMARK [2][-]{subsection.3.2.11}{bootams.py}{section.3.2}% 33
\BOOKMARK [2][-]{subsection.3.2.12}{cart\137dir.py}{section.3.2}% 34
\BOOKMARK [2][-]{subsection.3.2.13}{chartmaker.py}{section.3.2}% 35
\BOOKMARK [2][-]{subsection.3.2.14}{chi\137magic.py}{section.3.2}% 36
\BOOKMARK [2][-]{subsection.3.2.15}{combine\137magic.py}{section.3.2}% 37
\BOOKMARK [2][-]{subsection.3.2.16}{common\137mean.py}{section.3.2}% 38
\BOOKMARK [2][-]{subsection.3.2.17}{cont\137rot.py}{section.3.2}% 39
\BOOKMARK [2][-]{subsection.3.2.18}{convert2unix.py}{section.3.2}% 40
\BOOKMARK [2][-]{subsection.3.2.19}{convert\137samples.py}{section.3.2}% 41
\BOOKMARK [2][-]{subsection.3.2.20}{core\137depthplot.py}{section.3.2}% 42
\BOOKMARK [2][-]{subsection.3.2.21}{curie.py}{section.3.2}% 43
\BOOKMARK [2][-]{subsection.3.2.22}{customize\137criteria.py}{section.3.2}% 44
\BOOKMARK [2][-]{subsection.3.2.23}{dayplot\137magic.py}{section.3.2}% 45
\BOOKMARK [2][-]{subsection.3.2.24}{demag\137gui.py}{section.3.2}% 46
\BOOKMARK [2][-]{subsection.3.2.25}{di\137eq.py}{section.3.2}% 47
\BOOKMARK [2][-]{subsection.3.2.26}{di\137geo.py}{section.3.2}% 48
\BOOKMARK [2][-]{subsection.3.2.27}{di\137rot.py}{section.3.2}% 49
\BOOKMARK [2][-]{subsection.3.2.28}{di\137tilt.py}{section.3.2}% 50
\BOOKMARK [2][-]{subsection.3.2.29}{di\137vgp.py}{section.3.2}% 51
\BOOKMARK [2][-]{subsection.3.2.30}{dipole\137pinc.py}{section.3.2}% 52
\BOOKMARK [2][-]{subsection.3.2.31}{dipole\137plat.py}{section.3.2}% 53
\BOOKMARK [2][-]{subsection.3.2.32}{dir\137cart.py}{section.3.2}% 54
\BOOKMARK [2][-]{subsection.3.2.33}{dmag\137magic.py}{section.3.2}% 55
\BOOKMARK [2][-]{subsection.3.2.34}{download\137magic.py}{section.3.2}% 56
\BOOKMARK [2][-]{subsection.3.2.35}{eigs\137s.py}{section.3.2}% 57
\BOOKMARK [2][-]{subsection.3.2.36}{eq\137di.py}{section.3.2}% 58
\BOOKMARK [2][-]{subsection.3.2.37}{eqarea.py}{section.3.2}% 59
\BOOKMARK [2][-]{subsection.3.2.38}{eqarea\137ell.py}{section.3.2}% 60
\BOOKMARK [2][-]{subsection.3.2.39}{eqarea\137magic.py}{section.3.2}% 61
\BOOKMARK [2][-]{subsection.3.2.40}{find\137EI.py}{section.3.2}% 62
\BOOKMARK [2][-]{subsection.3.2.41}{fisher.py}{section.3.2}% 63
\BOOKMARK [2][-]{subsection.3.2.42}{fishqq.py}{section.3.2}% 64
\BOOKMARK [2][-]{subsection.3.2.43}{fishrot.py}{section.3.2}% 65
\BOOKMARK [2][-]{subsection.3.2.44}{foldtest.py}{section.3.2}% 66
\BOOKMARK [2][-]{subsection.3.2.45}{foldtest\137magic.py}{section.3.2}% 67
\BOOKMARK [2][-]{subsection.3.2.46}{gaussian.py}{section.3.2}% 68
\BOOKMARK [2][-]{subsection.3.2.47}{gobing.py}{section.3.2}% 69
\BOOKMARK [2][-]{subsection.3.2.48}{gofish.py}{section.3.2}% 70
\BOOKMARK [2][-]{subsection.3.2.49}{gokent.py}{section.3.2}% 71
\BOOKMARK [2][-]{subsection.3.2.50}{goprinc.py}{section.3.2}% 72
\BOOKMARK [2][-]{subsection.3.2.51}{grab\137magic\137key.py}{section.3.2}% 73
\BOOKMARK [2][-]{subsection.3.2.52}{histplot.py}{section.3.2}% 74
\BOOKMARK [2][-]{subsection.3.2.53}{hysteresis\137magic.py}{section.3.2}% 75
\BOOKMARK [2][-]{subsection.3.2.54}{igrf.py}{section.3.2}% 76
\BOOKMARK [2][-]{subsection.3.2.55}{install\137etopo.py}{section.3.2}% 77
\BOOKMARK [2][-]{subsection.3.2.56}{incfish.py}{section.3.2}% 78
\BOOKMARK [2][-]{subsection.3.2.57}{irmaq\137magic.py}{section.3.2}% 79
\BOOKMARK [2][-]{subsection.3.2.58}{k15\137magic.py}{section.3.2}% 80
\BOOKMARK [2][-]{subsection.3.2.59}{k15\137s.py}{section.3.2}% 81
\BOOKMARK [2][-]{subsection.3.2.60}{KLY4S\137magic.py}{section.3.2}% 82
\BOOKMARK [2][-]{subsection.3.2.61}{lnp\137magic.py}{section.3.2}% 83
\BOOKMARK [2][-]{subsection.3.2.62}{lowrie.py}{section.3.2}% 84
\BOOKMARK [2][-]{subsection.3.2.63}{lowrie\137magic.py}{section.3.2}% 85
\BOOKMARK [2][-]{subsection.3.2.64}{magic\137select.py}{section.3.2}% 86
\BOOKMARK [2][-]{subsection.3.2.65}{make\137magic\137plots.py}{section.3.2}% 87
\BOOKMARK [2][-]{subsection.3.2.66}{Measurement Import Scripts}{section.3.2}% 88
\BOOKMARK [3][-]{section*.5}{2G\137bin\137magic.py}{subsection.3.2.66}% 89
\BOOKMARK [3][-]{section*.6}{AGM\137magic.py}{subsection.3.2.66}% 90
\BOOKMARK [3][-]{section*.7}{CIT\137magic.py}{subsection.3.2.66}% 91
\BOOKMARK [3][-]{section*.8}{generic\137magic.py}{subsection.3.2.66}% 92
\BOOKMARK [3][-]{section*.9}{HUJI\137magic.py}{subsection.3.2.66}% 93
\BOOKMARK [3][-]{section*.10}{LDEO\137magic.py}{subsection.3.2.66}% 94
\BOOKMARK [3][-]{section*.11}{IODP\137csv\137magic.py}{subsection.3.2.66}% 95
\BOOKMARK [3][-]{section*.12}{PMD\137magic.py}{subsection.3.2.66}% 96
\BOOKMARK [3][-]{section*.13}{sio\137magic.py}{subsection.3.2.66}% 97
\BOOKMARK [3][-]{section*.14}{SUFAR4-asc\137magic.py}{subsection.3.2.66}% 98
\BOOKMARK [3][-]{section*.15}{TDT\137magic.py}{subsection.3.2.66}% 99
\BOOKMARK [2][-]{subsection.3.2.67}{measurements\137normalize.py}{section.3.2}% 100
\BOOKMARK [2][-]{subsection.3.2.68}{mk\137redo.py}{section.3.2}% 101
\BOOKMARK [2][-]{subsection.3.2.69}{nrm\137specimens\137magic.py}{section.3.2}% 102
\BOOKMARK [2][-]{subsection.3.2.70}{orientation\137magic.py}{section.3.2}% 103
\BOOKMARK [2][-]{subsection.3.2.71}{parse\137measurements.py}{section.3.2}% 104
\BOOKMARK [2][-]{subsection.3.2.72}{pca.py}{section.3.2}% 105
\BOOKMARK [2][-]{subsection.3.2.73}{plotXY.py}{section.3.2}% 106
\BOOKMARK [2][-]{subsection.3.2.74}{plot\137cdf.py}{section.3.2}% 107
\BOOKMARK [2][-]{subsection.3.2.75}{plot\137magic\137keys.py}{section.3.2}% 108
\BOOKMARK [2][-]{subsection.3.2.76}{plot\137mapPTS.py}{section.3.2}% 109
\BOOKMARK [2][-]{subsection.3.2.77}{plotdi\137a.py}{section.3.2}% 110
\BOOKMARK [2][-]{subsection.3.2.78}{pmag\137results\137extract.py}{section.3.2}% 111
\BOOKMARK [2][-]{subsection.3.2.79}{pt\137rot.py}{section.3.2}% 112
\BOOKMARK [2][-]{subsection.3.2.80}{qqlot.py}{section.3.2}% 113
\BOOKMARK [2][-]{subsection.3.2.81}{quick\137hyst.py}{section.3.2}% 114
\BOOKMARK [2][-]{subsection.3.2.82}{revtest.py}{section.3.2}% 115
\BOOKMARK [2][-]{subsection.3.2.83}{revtest\137magic.py}{section.3.2}% 116
\BOOKMARK [2][-]{subsection.3.2.84}{revtest\137MM1990.py}{section.3.2}% 117
\BOOKMARK [2][-]{subsection.3.2.85}{s\137eigs.py}{section.3.2}% 118
\BOOKMARK [2][-]{subsection.3.2.86}{s\137geo.py}{section.3.2}% 119
\BOOKMARK [2][-]{subsection.3.2.87}{s\137hext.py}{section.3.2}% 120
\BOOKMARK [2][-]{subsection.3.2.88}{s\137tilt.py}{section.3.2}% 121
\BOOKMARK [2][-]{subsection.3.2.89}{s\137magic.py}{section.3.2}% 122
\BOOKMARK [2][-]{subsection.3.2.90}{scalc.py}{section.3.2}% 123
\BOOKMARK [2][-]{subsection.3.2.91}{scalc\137magic.py}{section.3.2}% 124
\BOOKMARK [2][-]{subsection.3.2.92}{site\137edit\137magic.py}{section.3.2}% 125
\BOOKMARK [2][-]{subsection.3.2.93}{specimens\137results\137magic.py}{section.3.2}% 126
\BOOKMARK [2][-]{subsection.3.2.94}{stats.py}{section.3.2}% 127
\BOOKMARK [2][-]{subsection.3.2.95}{strip\137magic.py}{section.3.2}% 128
\BOOKMARK [2][-]{subsection.3.2.96}{sundec.py}{section.3.2}% 129
\BOOKMARK [2][-]{subsection.3.2.97}{thellier\137GUI.py}{section.3.2}% 130
\BOOKMARK [3][-]{section*.16}{Starting the GUI}{subsection.3.2.97}% 131
\BOOKMARK [3][-]{section*.17}{Reading and compiling measurements data}{subsection.3.2.97}% 132
\BOOKMARK [3][-]{section*.18}{Main panel}{subsection.3.2.97}% 133
\BOOKMARK [3][-]{section*.19}{ Tutorial by example}{subsection.3.2.97}% 134
\BOOKMARK [2][-]{subsection.3.2.98}{thellier\137magic.py}{section.3.2}% 135
\BOOKMARK [2][-]{subsection.3.2.99}{thellier\137magic\137redo.py}{section.3.2}% 136
\BOOKMARK [2][-]{subsection.3.2.100}{tk03.py}{section.3.2}% 137
\BOOKMARK [2][-]{subsection.3.2.101}{uniform.py}{section.3.2}% 138
\BOOKMARK [2][-]{subsection.3.2.102}{update\137measurements.py}{section.3.2}% 139
\BOOKMARK [2][-]{subsection.3.2.103}{upload\137magic.py}{section.3.2}% 140
\BOOKMARK [2][-]{subsection.3.2.104}{vdm\137b.py}{section.3.2}% 141
\BOOKMARK [2][-]{subsection.3.2.105}{vector\137mean.py}{section.3.2}% 142
\BOOKMARK [2][-]{subsection.3.2.106}{vgp\137di.py}{section.3.2}% 143
\BOOKMARK [2][-]{subsection.3.2.107}{vgpmap\137magic.py}{section.3.2}% 144
\BOOKMARK [2][-]{subsection.3.2.108}{watsonsF.py}{section.3.2}% 145
\BOOKMARK [2][-]{subsection.3.2.109}{watsonsV.py}{section.3.2}% 146
\BOOKMARK [2][-]{subsection.3.2.110}{zeq.py}{section.3.2}% 147
\BOOKMARK [2][-]{subsection.3.2.111}{zeq\137magic.py}{section.3.2}% 148
\BOOKMARK [2][-]{subsection.3.2.112}{zeq\137magic\137redo.py}{section.3.2}% 149
\BOOKMARK [1][-]{section.3.3}{Complaints department}{chapter.3}% 150
\BOOKMARK [0][-]{chapter.4}{The MagIC database and file formats}{}% 151
\BOOKMARK [1][-]{section.4.1}{Perusing the existing data}{chapter.4}% 152
\BOOKMARK [1][-]{section.4.2}{Uploading data to the database}{chapter.4}% 153
\BOOKMARK [1][-]{section.4.3}{Structure of the database tables}{chapter.4}% 154
\BOOKMARK [1][-]{section.4.4}{A word about method codes}{chapter.4}% 155
\BOOKMARK [0][-]{chapter.5}{Survival computer skills}{}% 156
\BOOKMARK [1][-]{section.5.1}{Finding your command line}{chapter.5}% 157
\BOOKMARK [1][-]{section.5.2}{File systems}{chapter.5}% 158
\BOOKMARK [1][-]{section.5.3}{Moving around in the file system}{chapter.5}% 159
\BOOKMARK [1][-]{section.5.4}{Wildcards}{chapter.5}% 160
\BOOKMARK [1][-]{section.5.5}{Redirecting input and output}{chapter.5}% 161
\BOOKMARK [1][-]{section.5.6}{Text editors}{chapter.5}% 162
\BOOKMARK [0][-]{chapter.6}{Introduction to Python Programming}{}% 163
\BOOKMARK [1][-]{section.6.1}{A first look at NumPy}{chapter.6}% 164
\BOOKMARK [1][-]{section.6.2}{Variable types}{chapter.6}% 165
\BOOKMARK [1][-]{section.6.3}{Data Structures}{chapter.6}% 166
\BOOKMARK [2][-]{section*.20}{Lists}{section.6.3}% 167
\BOOKMARK [3][-]{section*.21}{More about strings}{section*.20}% 168
\BOOKMARK [3][-]{section*.22}{Data structures as objects}{section*.20}% 169
\BOOKMARK [3][-]{section*.23}{Tuples}{section*.20}% 170
\BOOKMARK [3][-]{section*.24}{Dictionaries!}{section*.20}% 171
\BOOKMARK [3][-]{section*.25}{N-dimensional arrays}{section*.20}% 172
\BOOKMARK [1][-]{section.6.4}{Pandas}{chapter.6}% 173
\BOOKMARK [1][-]{section.6.5}{Python Scripts}{chapter.6}% 174
\BOOKMARK [1][-]{section.6.6}{Code blocks}{chapter.6}% 175
\BOOKMARK [2][-]{section*.26}{The for loop}{section.6.6}% 176
\BOOKMARK [3][-]{section*.27}{Looping through lists}{section*.26}% 177
\BOOKMARK [3][-]{section*.28}{Looping through arrays}{section*.26}% 178
\BOOKMARK [3][-]{section*.29}{If and while blocks}{section*.26}% 179
\BOOKMARK [3][-]{section*.30}{Finer points of `if' blocks}{section*.26}% 180
\BOOKMARK [3][-]{section*.31}{While loops}{section*.26}% 181
\BOOKMARK [3][-]{section*.32}{Code blocks in interactive Python}{section*.26}% 182
\BOOKMARK [1][-]{section.6.7}{File I/O in Python}{chapter.6}% 183
\BOOKMARK [2][-]{section*.33}{Reading data in}{section.6.7}% 184
\BOOKMARK [3][-]{section*.34}{From a file}{section*.33}% 185
\BOOKMARK [3][-]{section*.35}{From Standard Input }{section*.33}% 186
\BOOKMARK [3][-]{section*.36}{Command line switches}{section*.33}% 187
\BOOKMARK [3][-]{section*.37}{Reading numeric files}{section*.33}% 188
\BOOKMARK [3][-]{section*.38}{Writing data out}{section*.33}% 189
\BOOKMARK [1][-]{section.6.8}{Functions}{chapter.6}% 190
\BOOKMARK [2][-]{section*.39}{Line by line analysis}{section.6.8}% 191
\BOOKMARK [3][-]{section*.40}{def FUNCNAME\(in\137args\):}{section*.39}% 192
\BOOKMARK [3][-]{section*.41}{Doc String}{section*.39}% 193
\BOOKMARK [3][-]{section*.42}{Function body}{section*.39}% 194
\BOOKMARK [3][-]{section*.43}{Return statement}{section*.39}% 195
\BOOKMARK [3][-]{section*.44}{Main program as function}{section*.39}% 196
\BOOKMARK [3][-]{section*.45}{Scope of variables}{section*.39}% 197
\BOOKMARK [1][-]{section.6.9}{Classes}{chapter.6}% 198
\BOOKMARK [1][-]{section.6.10}{Matplotlib}{chapter.6}% 199
\BOOKMARK [2][-]{section*.46}{A first plot}{section.6.10}% 200
\BOOKMARK [3][-]{section*.47}{Multiple figures and more customization}{section*.46}% 201
\BOOKMARK [3][-]{section*.48}{Adding text}{section*.46}% 202
\BOOKMARK [0][-]{chapter.7}{IPython Notebooks}{}% 203
